<?xml version="1.0" encoding="UTF-8" ?>
<testsuite errors="0" failures="0" hostname="dhcp-172-26-93-27.nyc.corp.google.com" name="com.google.jstestdriver.html.HtmlDocNodeFactoryTest" tests="1" time="0.087" timestamp="2010-03-27T20:50:30">
  <properties>
[...]
</properties>
  <testcase classname="com.google.jstestdriver.html.HtmlDocNodeFactoryTest" name="testMultipleHtmlNodes" time="0.015" />
  <system-out><![CDATA[EMMA: collecting runtime coverage data ...
]]></system-out>
  <system-err><![CDATA[]]></system-err>
</testsuite>
